<?xml version="1.0" encoding="UTF-8"?>
<!-- Generated by org.testng.reporters.JUnitXMLReporter -->
<testsuite hostname="NOW-HSINGH" name="Home and Products" tests="26" failures="0" timestamp="31 Oct 2017 17:53:05 GMT" time="133.186" errors="0">
  <testcase name="testHomePage" time="0.398" classname="testcases.VerifyHomePage"/>
  <testcase name="ClickManagementlink" time="0.447" classname="testcases.VerifyManagementPage"/>
  <testcase name="ClickProductslink" time="0.551" classname="testcases.VerifyProductsPage"/>
  <testcase name="ClickKMIS_IMG" time="0.829" classname="testcases.VerifyHomePage"/>
  <testcase name="ClickCommercialAutomotivelink" time="0.11" classname="testcases.VerifyProductsPage"/>
  <testcase name="ClickTruckingTransportation" time="0.049" classname="testcases.VerifyProductsPage"/>
  <testcase name="ClickAutomotiveDealership" time="0.133" classname="testcases.VerifyProductsPage"/>
  <testcase name="ClickGuranteedAssetProtection" time="0.044" classname="testcases.VerifyProductsPage"/>
  <testcase name="ClickDonHankeyimg" time="4.201" classname="testcases.VerifyManagementPage"/>
  <testcase name="ClickNonFranAutoDealerships" time="0.067" classname="testcases.VerifyProductsPage"/>
  <testcase name="ClickAutomotiveRental" time="0.039" classname="testcases.VerifyProductsPage"/>
  <testcase name="ClickAmitShahimg" time="1.136" classname="testcases.VerifyManagementPage"/>
  <testcase name="ClickFleetLiability" time="0.039" classname="testcases.VerifyProductsPage"/>
  <testcase name="ClickPersonalAccidentProtection" time="0.04" classname="testcases.VerifyProductsPage"/>
  <testcase name="ClickPersonalEffectsCoverage" time="0.034" classname="testcases.VerifyProductsPage"/>
  <testcase name="ClickRenterLiabilityProtection" time="0.06" classname="testcases.VerifyProductsPage"/>
  <testcase name="ClickDavidKeum" time="1.092" classname="testcases.VerifyManagementPage"/>
  <testcase name="ClickSupplementalLiabilityInsurance" time="0.041" classname="testcases.VerifyProductsPage"/>
  <testcase name="ClickManagementLiabilityFinancial" time="0.033" classname="testcases.VerifyProductsPage"/>
  <testcase name="ClickEquityProtectionlink" time="0.035" classname="testcases.VerifyProductsPage"/>
  <testcase name="ClickMortalityProtection" time="0.033" classname="testcases.VerifyProductsPage"/>
  <testcase name="ClickJohnRygh" time="1.074" classname="testcases.VerifyManagementPage"/>
  <testcase name="ClickMortgageServiceProviderEO" time="0.042" classname="testcases.VerifyProductsPage"/>
  <testcase name="ClickSuretyBonds" time="0.036" classname="testcases.VerifyProductsPage"/>
  <testcase name="ClickAlexandraBelaya" time="0.68" classname="testcases.VerifyManagementPage"/>
  <testcase name="ClickVanceOwnber" time="1.085" classname="testcases.VerifyManagementPage"/>
</testsuite> <!-- Home and Products -->
