<?xml version="1.0" encoding="UTF-8"?>
<!-- Generated by org.testng.reporters.JUnitXMLReporter -->
<testsuite hostname="NOW-HSINGH" name="Default test" tests="17" failures="0" timestamp="28 Oct 2017 00:02:00 GMT" time="19.056" errors="0">
  <testcase name="ClickProductslink" time="0.266" classname="testcases.VerifyProductsPage"/>
  <testcase name="ClickCommercialAutomotivelink" time="0.055" classname="testcases.VerifyProductsPage"/>
  <testcase name="ClickTruckingTransportation" time="0.046" classname="testcases.VerifyProductsPage"/>
  <testcase name="ClickAutomotiveDealership" time="0.044" classname="testcases.VerifyProductsPage"/>
  <testcase name="ClickGuranteedAssetProtection" time="0.04" classname="testcases.VerifyProductsPage"/>
  <testcase name="ClickNonFranAutoDealerships" time="0.043" classname="testcases.VerifyProductsPage"/>
  <testcase name="ClickAutomotiveRental" time="0.039" classname="testcases.VerifyProductsPage"/>
  <testcase name="ClickFleetLiability" time="0.04" classname="testcases.VerifyProductsPage"/>
  <testcase name="ClickPersonalAccidentProtection" time="0.037" classname="testcases.VerifyProductsPage"/>
  <testcase name="ClickPersonalEffectsCoverage" time="0.159" classname="testcases.VerifyProductsPage"/>
  <testcase name="ClickRenterLiabilityProtection" time="0.059" classname="testcases.VerifyProductsPage"/>
  <testcase name="ClickSupplementalLiabilityInsurance" time="0.047" classname="testcases.VerifyProductsPage"/>
  <testcase name="ClickManagementLiabilityFinancial" time="0.035" classname="testcases.VerifyProductsPage"/>
  <testcase name="ClickEquityProtectionlink" time="0.036" classname="testcases.VerifyProductsPage"/>
  <testcase name="ClickMortalityProtection" time="0.05" classname="testcases.VerifyProductsPage"/>
  <testcase name="ClickMortgageServiceProviderEO" time="0.041" classname="testcases.VerifyProductsPage"/>
  <testcase name="ClickSuretyBonds" time="0.038" classname="testcases.VerifyProductsPage"/>
</testsuite> <!-- Default test -->
