<?xml version="1.0" encoding="UTF-8"?>
<!-- Generated by org.testng.reporters.JUnitXMLReporter -->
<testsuite hostname="NOW-HSINGH" name="Claim and Footer" tests="18" failures="0" timestamp="31 Oct 2017 17:08:29 GMT" time="29.311" errors="0">
  <testcase name="ClickClaims" time="0.141" classname="testcases.VerifyClaimsPage"/>
  <testcase name="SearchPolicyPrefix" time="0.226" classname="testcases.VerifyClaimsPage"/>
  <testcase name="Scrolltofooter" time="2.198" classname="testcases.VerifyFooterPage"/>
  <testcase name="ClickHankeyInvestment" time="0.053" classname="testcases.VerifyFooterPage"/>
  <testcase name="ClickHankeyCapital" time="0.19" classname="testcases.VerifyFooterPage"/>
  <testcase name="ClickStartClaims" time="2.096" classname="testcases.VerifyClaimsPage"/>
  <testcase name="ClickWestlakeFinService" time="0.462" classname="testcases.VerifyFooterPage"/>
  <testcase name="ClickKnightInsuranceGroup" time="0.528" classname="testcases.VerifyFooterPage"/>
  <testcase name="claimform" time="0.501" classname="testcases.VerifyClaimsPage"/>
  <testcase name="ClickNowcom" time="0.396" classname="testcases.VerifyFooterPage"/>
  <testcase name="fillPersonalinfo" time="0.371" classname="testcases.VerifyClaimsPage"/>
  <testcase name="ClickNorthHollywoodToyota" time="0.644" classname="testcases.VerifyFooterPage"/>
  <testcase name="fillAccidentinfo" time="0.27" classname="testcases.VerifyClaimsPage"/>
  <testcase name="ClickMCar" time="0.378" classname="testcases.VerifyFooterPage"/>
  <testcase name="ClickHFCLLC" time="0.378" classname="testcases.VerifyFooterPage"/>
  <testcase name="fillInsuredvehicleinfo" time="0.326" classname="testcases.VerifyClaimsPage"/>
  <testcase name="PressRelease" time="0.15" classname="testcases.VerifyFooterPage"/>
  <testcase name="clickCloseclaimreport" time="0.0" classname="testcases.VerifyClaimsPage"/>
</testsuite> <!-- Claim and Footer -->
