<?xml version="1.0" encoding="UTF-8"?>
<!-- Generated by org.testng.reporters.JUnitXMLReporter -->
<testsuite hostname="NOW-HSINGH" name="Claim and Footer" tests="18" failures="0" timestamp="31 Oct 2017 17:09:11 GMT" time="41.913" errors="0">
  <testcase name="ClickClaims" time="0.091" classname="testcases.VerifyClaimsPage"/>
  <testcase name="Scrolltofooter" time="2.223" classname="testcases.VerifyFooterPage"/>
  <testcase name="SearchPolicyPrefix" time="2.28" classname="testcases.VerifyClaimsPage"/>
  <testcase name="ClickHankeyInvestment" time="0.605" classname="testcases.VerifyFooterPage"/>
  <testcase name="ClickHankeyCapital" time="0.213" classname="testcases.VerifyFooterPage"/>
  <testcase name="ClickWestlakeFinService" time="0.554" classname="testcases.VerifyFooterPage"/>
  <testcase name="ClickKnightInsuranceGroup" time="0.344" classname="testcases.VerifyFooterPage"/>
  <testcase name="ClickNowcom" time="0.469" classname="testcases.VerifyFooterPage"/>
  <testcase name="ClickStartClaims" time="4.418" classname="testcases.VerifyClaimsPage"/>
  <testcase name="ClickNorthHollywoodToyota" time="0.638" classname="testcases.VerifyFooterPage"/>
  <testcase name="ClickMCar" time="0.281" classname="testcases.VerifyFooterPage"/>
  <testcase name="claimform" time="0.429" classname="testcases.VerifyClaimsPage"/>
  <testcase name="ClickHFCLLC" time="0.503" classname="testcases.VerifyFooterPage"/>
  <testcase name="PressRelease" time="0.248" classname="testcases.VerifyFooterPage"/>
  <testcase name="fillPersonalinfo" time="0.985" classname="testcases.VerifyClaimsPage"/>
  <testcase name="fillAccidentinfo" time="0.291" classname="testcases.VerifyClaimsPage"/>
  <testcase name="fillInsuredvehicleinfo" time="0.953" classname="testcases.VerifyClaimsPage"/>
  <testcase name="clickCloseclaimreport" time="0.0" classname="testcases.VerifyClaimsPage"/>
</testsuite> <!-- Claim and Footer -->
