<?xml version="1.0" encoding="UTF-8"?>
<!-- Generated by org.testng.reporters.JUnitXMLReporter -->
<testsuite hostname="NOW-HSINGH" name="Home and Products" tests="19" failures="1" timestamp="31 Oct 2017 17:34:26 GMT" time="102.949" errors="0">
  <testcase name="testHomePage" time="0.076" classname="testcases.VerifyHomePage"/>
  <testcase name="ClickProductslink" time="0.437" classname="testcases.VerifyProductsPage"/>
  <testcase name="ClickCommercialAutomotivelink" time="0.124" classname="testcases.VerifyProductsPage"/>
  <testcase name="ClickTruckingTransportation" time="0.046" classname="testcases.VerifyProductsPage"/>
  <testcase name="ClickAutomotiveDealership" time="0.045" classname="testcases.VerifyProductsPage"/>
  <testcase name="ClickGuranteedAssetProtection" time="0.039" classname="testcases.VerifyProductsPage"/>
  <testcase name="ClickNonFranAutoDealerships" time="0.058" classname="testcases.VerifyProductsPage"/>
  <testcase name="ClickAutomotiveRental" time="0.04" classname="testcases.VerifyProductsPage"/>
  <testcase name="ClickFleetLiability" time="0.049" classname="testcases.VerifyProductsPage"/>
  <testcase name="ClickPersonalAccidentProtection" time="0.039" classname="testcases.VerifyProductsPage"/>
  <testcase name="ClickPersonalEffectsCoverage" time="0.039" classname="testcases.VerifyProductsPage"/>
  <testcase name="ClickRenterLiabilityProtection" time="0.07" classname="testcases.VerifyProductsPage"/>
  <testcase name="ClickSupplementalLiabilityInsurance" time="0.041" classname="testcases.VerifyProductsPage"/>
  <testcase name="ClickManagementLiabilityFinancial" time="0.032" classname="testcases.VerifyProductsPage"/>
  <testcase name="ClickEquityProtectionlink" time="0.04" classname="testcases.VerifyProductsPage"/>
  <testcase name="ClickMortalityProtection" time="0.041" classname="testcases.VerifyProductsPage"/>
  <testcase name="ClickMortgageServiceProviderEO" time="0.039" classname="testcases.VerifyProductsPage"/>
  <testcase name="ClickSuretyBonds" time="0.037" classname="testcases.VerifyProductsPage"/>
  <testcase name="ClickKMIS_IMG" time="0.113" classname="testcases.VerifyHomePage">
    <failure type="org.openqa.selenium.NoSuchSessionException" message="Session ID is null. Using WebDriver after calling quit()?
Build info: version: &amp;apos;3.6.0&amp;apos;, revision: &amp;apos;6fbf3ec767&amp;apos;, time: &amp;apos;2017-09-27T15:28:36.4Z&amp;apos;
System info: host: &amp;apos;NOW-HSINGH&amp;apos;, ip: &amp;apos;10.5.18.91&amp;apos;, os.name: &amp;apos;Windows 7&amp;apos;, os.arch: &amp;apos;amd64&amp;apos;, os.version: &amp;apos;6.1&amp;apos;, java.version: &amp;apos;1.8.0_121&amp;apos;
Driver info: driver.version: RemoteWebDriver">
      <![CDATA[org.openqa.selenium.NoSuchSessionException: Session ID is null. Using WebDriver after calling quit()?
Build info: version: '3.6.0', revision: '6fbf3ec767', time: '2017-09-27T15:28:36.4Z'
System info: host: 'NOW-HSINGH', ip: '10.5.18.91', os.name: 'Windows 7', os.arch: 'amd64', os.version: '6.1', java.version: '1.8.0_121'
Driver info: driver.version: RemoteWebDriver
	at org.openqa.selenium.remote.HttpCommandExecutor.execute(HttpCommandExecutor.java:131)
	at org.openqa.selenium.remote.service.DriverCommandExecutor.execute(DriverCommandExecutor.java:83)
	at org.openqa.selenium.remote.RemoteWebDriver.execute(RemoteWebDriver.java:586)
	at org.openqa.selenium.remote.RemoteWebDriver.findElement(RemoteWebDriver.java:356)
	at org.openqa.selenium.remote.RemoteWebDriver.findElementByXPath(RemoteWebDriver.java:458)
	at org.openqa.selenium.By$ByXPath.findElement(By.java:361)
	at org.openqa.selenium.remote.RemoteWebDriver.findElement(RemoteWebDriver.java:348)
	at org.openqa.selenium.support.pagefactory.DefaultElementLocator.findElement(DefaultElementLocator.java:69)
	at org.openqa.selenium.support.pagefactory.internal.LocatingElementHandler.invoke(LocatingElementHandler.java:38)
	at com.sun.proxy.$Proxy10.click(Unknown Source)
	at pages.HomePage.clickonKMISlogo(HomePage.java:19)
	at testcases.VerifyHomePage.ClickKMIS_IMG(VerifyHomePage.java:47)
	at java.util.concurrent.ThreadPoolExecutor.runWorker(ThreadPoolExecutor.java:1142)
	at java.util.concurrent.ThreadPoolExecutor$Worker.run(ThreadPoolExecutor.java:617)
	at java.lang.Thread.run(Thread.java:745)
... Removed 10 stack frames]]>
    </failure>
  </testcase> <!-- ClickKMIS_IMG -->
</testsuite> <!-- Home and Products -->
