<?xml version="1.0" encoding="UTF-8"?>
<!-- Generated by org.testng.reporters.JUnitXMLReporter -->
<testsuite hostname="NOW-HSINGH" name="Home and Products" tests="19" failures="0" timestamp="31 Oct 2017 17:32:43 GMT" time="86.193" errors="0">
  <testcase name="testHomePage" time="1.13" classname="testcases.VerifyHomePage"/>
  <testcase name="ClickProductslink" time="1.22" classname="testcases.VerifyProductsPage"/>
  <testcase name="ClickCommercialAutomotivelink" time="0.075" classname="testcases.VerifyProductsPage"/>
  <testcase name="ClickKMIS_IMG" time="0.416" classname="testcases.VerifyHomePage"/>
  <testcase name="ClickTruckingTransportation" time="0.09" classname="testcases.VerifyProductsPage"/>
  <testcase name="ClickAutomotiveDealership" time="0.042" classname="testcases.VerifyProductsPage"/>
  <testcase name="ClickGuranteedAssetProtection" time="0.059" classname="testcases.VerifyProductsPage"/>
  <testcase name="ClickNonFranAutoDealerships" time="0.044" classname="testcases.VerifyProductsPage"/>
  <testcase name="ClickAutomotiveRental" time="0.043" classname="testcases.VerifyProductsPage"/>
  <testcase name="ClickFleetLiability" time="0.053" classname="testcases.VerifyProductsPage"/>
  <testcase name="ClickPersonalAccidentProtection" time="0.036" classname="testcases.VerifyProductsPage"/>
  <testcase name="ClickPersonalEffectsCoverage" time="0.036" classname="testcases.VerifyProductsPage"/>
  <testcase name="ClickRenterLiabilityProtection" time="0.038" classname="testcases.VerifyProductsPage"/>
  <testcase name="ClickSupplementalLiabilityInsurance" time="0.044" classname="testcases.VerifyProductsPage"/>
  <testcase name="ClickManagementLiabilityFinancial" time="0.048" classname="testcases.VerifyProductsPage"/>
  <testcase name="ClickEquityProtectionlink" time="0.034" classname="testcases.VerifyProductsPage"/>
  <testcase name="ClickMortalityProtection" time="0.065" classname="testcases.VerifyProductsPage"/>
  <testcase name="ClickMortgageServiceProviderEO" time="0.042" classname="testcases.VerifyProductsPage"/>
  <testcase name="ClickSuretyBonds" time="0.039" classname="testcases.VerifyProductsPage"/>
</testsuite> <!-- Home and Products -->
