<?xml version="1.0" encoding="UTF-8"?>
<!-- Generated by org.testng.reporters.JUnitXMLReporter -->
<testsuite hostname="NOW-HSINGH" name="Test1" tests="10" failures="0" timestamp="27 Oct 2017 22:42:42 GMT" time="45.881" errors="0">
  <testcase name="Scrolltofooter" time="2.266" classname="testcases.VerifyFooterPage"/>
  <testcase name="ClickHankeyInvestment" time="0.062" classname="testcases.VerifyFooterPage"/>
  <testcase name="ClickHankeyCapital" time="0.697" classname="testcases.VerifyFooterPage"/>
  <testcase name="ClickWestlakeFinService" time="1.265" classname="testcases.VerifyFooterPage"/>
  <testcase name="ClickKnightInsuranceGroup" time="0.429" classname="testcases.VerifyFooterPage"/>
  <testcase name="ClickNowcom" time="1.12" classname="testcases.VerifyFooterPage"/>
  <testcase name="ClickNorthHollywoodToyota" time="0.467" classname="testcases.VerifyFooterPage"/>
  <testcase name="ClickMCar" time="0.688" classname="testcases.VerifyFooterPage"/>
  <testcase name="ClickHFCLLC" time="0.165" classname="testcases.VerifyFooterPage"/>
  <testcase name="PressRelease" time="0.419" classname="testcases.VerifyFooterPage"/>
</testsuite> <!-- Test1 -->
