<?xml version="1.0" encoding="UTF-8"?>
<!-- Generated by org.testng.reporters.JUnitXMLReporter -->
<testsuite hostname="NOW-HSINGH" name="Test" tests="17" failures="0" timestamp="27 Oct 2017 22:42:40 GMT" time="43.691" errors="0">
  <testcase name="ClickProductslink" time="0.282" classname="testcases.VerifyProductsPage"/>
  <testcase name="ClickCommercialAutomotivelink" time="0.119" classname="testcases.VerifyProductsPage"/>
  <testcase name="ClickTruckingTransportation" time="0.107" classname="testcases.VerifyProductsPage"/>
  <testcase name="ClickAutomotiveDealership" time="0.077" classname="testcases.VerifyProductsPage"/>
  <testcase name="ClickGuranteedAssetProtection" time="0.412" classname="testcases.VerifyProductsPage"/>
  <testcase name="ClickNonFranAutoDealerships" time="0.063" classname="testcases.VerifyProductsPage"/>
  <testcase name="ClickAutomotiveRental" time="0.047" classname="testcases.VerifyProductsPage"/>
  <testcase name="ClickFleetLiability" time="0.051" classname="testcases.VerifyProductsPage"/>
  <testcase name="ClickPersonalAccidentProtection" time="0.042" classname="testcases.VerifyProductsPage"/>
  <testcase name="ClickPersonalEffectsCoverage" time="0.07" classname="testcases.VerifyProductsPage"/>
  <testcase name="ClickRenterLiabilityProtection" time="0.065" classname="testcases.VerifyProductsPage"/>
  <testcase name="ClickSupplementalLiabilityInsurance" time="0.053" classname="testcases.VerifyProductsPage"/>
  <testcase name="ClickManagementLiabilityFinancial" time="0.035" classname="testcases.VerifyProductsPage"/>
  <testcase name="ClickEquityProtectionlink" time="0.043" classname="testcases.VerifyProductsPage"/>
  <testcase name="ClickMortalityProtection" time="0.046" classname="testcases.VerifyProductsPage"/>
  <testcase name="ClickMortgageServiceProviderEO" time="0.05" classname="testcases.VerifyProductsPage"/>
  <testcase name="ClickSuretyBonds" time="0.047" classname="testcases.VerifyProductsPage"/>
</testsuite> <!-- Test -->
