<?xml version="1.0" encoding="UTF-8"?>
<!-- Generated by org.testng.reporters.JUnitXMLReporter -->
<testsuite hostname="NOW-HSINGH" name="Claim and Footer" tests="18" failures="0" timestamp="31 Oct 2017 17:50:52 GMT" time="35.76" errors="0">
  <testcase name="ClickClaims" time="0.141" classname="testcases.VerifyClaimsPage"/>
  <testcase name="SearchPolicyPrefix" time="0.108" classname="testcases.VerifyClaimsPage"/>
  <testcase name="Scrolltofooter" time="2.196" classname="testcases.VerifyFooterPage"/>
  <testcase name="ClickHankeyInvestment" time="0.081" classname="testcases.VerifyFooterPage"/>
  <testcase name="ClickHankeyCapital" time="0.209" classname="testcases.VerifyFooterPage"/>
  <testcase name="ClickWestlakeFinService" time="0.633" classname="testcases.VerifyFooterPage"/>
  <testcase name="ClickStartClaims" time="2.603" classname="testcases.VerifyClaimsPage"/>
  <testcase name="ClickKnightInsuranceGroup" time="0.533" classname="testcases.VerifyFooterPage"/>
  <testcase name="ClickNowcom" time="0.93" classname="testcases.VerifyFooterPage"/>
  <testcase name="ClickNorthHollywoodToyota" time="0.592" classname="testcases.VerifyFooterPage"/>
  <testcase name="ClickMCar" time="0.309" classname="testcases.VerifyFooterPage"/>
  <testcase name="claimform" time="0.67" classname="testcases.VerifyClaimsPage"/>
  <testcase name="ClickHFCLLC" time="0.41" classname="testcases.VerifyFooterPage"/>
  <testcase name="fillPersonalinfo" time="0.359" classname="testcases.VerifyClaimsPage"/>
  <testcase name="PressRelease" time="0.19" classname="testcases.VerifyFooterPage"/>
  <testcase name="fillAccidentinfo" time="0.354" classname="testcases.VerifyClaimsPage"/>
  <testcase name="fillInsuredvehicleinfo" time="0.39" classname="testcases.VerifyClaimsPage"/>
  <testcase name="clickCloseclaimreport" time="0.0" classname="testcases.VerifyClaimsPage"/>
</testsuite> <!-- Claim and Footer -->
